d:\bsuir\sem_5\osisp\phonebook\osisp_laba4\osisp_laba4\debug\vc141.pdb
d:\bsuir\sem_5\osisp\phonebook\osisp_laba4\osisp_laba4\debug\vc141.idb
d:\bsuir\sem_5\osisp\phonebook\osisp_laba4\osisp_laba4\debug\loaddatabase.obj
d:\bsuir\sem_5\osisp\phonebook\osisp_laba4\osisp_laba4\debug\stdafx.obj
d:\bsuir\sem_5\osisp\phonebook\osisp_laba4\osisp_laba4\debug\main.obj
d:\bsuir\sem_5\osisp\phonebook\osisp_laba4\osisp_laba4\debug\buttonhandlers.obj
d:\bsuir\sem_5\osisp\phonebook\osisp_laba4\osisp_laba4\debug\listviewfunctions.obj
d:\bsuir\sem_5\osisp\phonebook\osisp_laba4\osisp_laba4\debug\creatingwindow.obj
d:\bsuir\sem_5\osisp\phonebook\osisp_laba4\osisp_laba4\debug\skiplist.obj
d:\bsuir\sem_5\osisp\phonebookbigdb\osisp_laba4\osisp_laba4\debug\vc141.pdb
d:\bsuir\sem_5\osisp\phonebookbigdb\osisp_laba4\osisp_laba4\debug\vc141.idb
d:\bsuir\sem_5\osisp\phonebookbigdb\osisp_laba4\osisp_laba4\debug\buttonhandlers.obj
d:\bsuir\sem_5\osisp\phonebookbigdb\osisp_laba4\osisp_laba4\debug\creatingwindow.obj
d:\bsuir\sem_5\osisp\phonebookbigdb\osisp_laba4\osisp_laba4\debug\listviewfunctions.obj
d:\bsuir\sem_5\osisp\phonebookbigdb\osisp_laba4\osisp_laba4\debug\loaddatabase.obj
d:\bsuir\sem_5\osisp\phonebookbigdb\osisp_laba4\osisp_laba4\debug\main.obj
d:\bsuir\sem_5\osisp\phonebookbigdb\osisp_laba4\osisp_laba4\debug\skiplist.obj
d:\bsuir\sem_5\osisp\phonebookbigdb\osisp_laba4\osisp_laba4\debug\stdafx.obj
d:\bsuir\sem_5\osisp\phonebook\osisp_laba4\debug\osisp_laba4.ilk
d:\bsuir\sem_5\osisp\phonebook\osisp_laba4\debug\osisp_laba4.exe
d:\bsuir\sem_5\osisp\phonebook\osisp_laba4\debug\osisp_laba4.pdb
d:\bsuir\sem_5\osisp\phonebookbigdb\osisp_laba4\debug\osisp_laba4.ilk
d:\bsuir\sem_5\osisp\phonebookbigdb\osisp_laba4\debug\osisp_laba4.exe
d:\bsuir\sem_5\osisp\phonebookbigdb\osisp_laba4\debug\osisp_laba4.pdb
d:\bsuir\sem_5\osisp\phonebook\osisp_laba4\osisp_laba4\debug\osisp_laba4.res
d:\bsuir\sem_5\osisp\phonebookbigdb\osisp_laba4\osisp_laba4\debug\osisp_laba4.vcxprojresolveassemblyreference.cache
d:\bsuir\sem_5\osisp\phonebookbigdb\osisp_laba4\osisp_laba4\debug\osisp_laba4.res
d:\bsuir\sem_5\osisp\phonebookbigdb\osisp_laba4\osisp_laba4\debug\osisp_laba4.tlog\cl.command.1.tlog
d:\bsuir\sem_5\osisp\phonebookbigdb\osisp_laba4\osisp_laba4\debug\osisp_laba4.tlog\cl.read.1.tlog
d:\bsuir\sem_5\osisp\phonebookbigdb\osisp_laba4\osisp_laba4\debug\osisp_laba4.tlog\cl.write.1.tlog
d:\bsuir\sem_5\osisp\phonebookbigdb\osisp_laba4\osisp_laba4\debug\osisp_laba4.tlog\link.command.1.tlog
d:\bsuir\sem_5\osisp\phonebookbigdb\osisp_laba4\osisp_laba4\debug\osisp_laba4.tlog\link.read.1.tlog
d:\bsuir\sem_5\osisp\phonebookbigdb\osisp_laba4\osisp_laba4\debug\osisp_laba4.tlog\link.write.1.tlog
d:\bsuir\sem_5\osisp\phonebookbigdb\osisp_laba4\osisp_laba4\debug\osisp_laba4.tlog\rc.command.1.tlog
d:\bsuir\sem_5\osisp\phonebookbigdb\osisp_laba4\osisp_laba4\debug\osisp_laba4.tlog\rc.read.1.tlog
d:\bsuir\sem_5\osisp\phonebookbigdb\osisp_laba4\osisp_laba4\debug\osisp_laba4.tlog\rc.write.1.tlog
